[debug] [2021-08-01T04:46:34.564Z] ----------------------------------------------------------------------
[debug] [2021-08-01T04:46:34.567Z] Command:       C:\Program Files\nodejs\node.exe C:\Users\Aditya\AppData\Roaming\npm\node_modules\firebase-tools\lib\bin\firebase.js emulators:start
[debug] [2021-08-01T04:46:34.567Z] CLI Version:   9.16.0
[debug] [2021-08-01T04:46:34.567Z] Platform:      win32
[debug] [2021-08-01T04:46:34.567Z] Node Version:  v14.16.1
[debug] [2021-08-01T04:46:34.569Z] Time:          Sun Aug 01 2021 10:16:34 GMT+0530 (India Standard Time)
[debug] [2021-08-01T04:46:34.569Z] ----------------------------------------------------------------------
[debug] 
[debug] [2021-08-01T04:46:34.754Z] > command requires scopes: ["email","openid","https://www.googleapis.com/auth/cloudplatformprojects.readonly","https://www.googleapis.com/auth/firebase","https://www.googleapis.com/auth/cloud-platform"]
[debug] [2021-08-01T04:46:34.754Z] > authorizing via signed-in user (adityadond281@gmail.com)
[info] i  emulators: Starting emulators: functions, hosting {"metadata":{"emulator":{"name":"hub"},"message":"Starting emulators: functions, hosting"}}
[debug] [2021-08-01T04:46:34.778Z] [hub] writing locator at C:\Users\Aditya\AppData\Local\Temp\hub-challenge-d8ee8.json
[warn] !  functions: The following emulators are not running, calls to these services from the Functions emulator will affect production: auth, firestore, database, pubsub, storage {"metadata":{"emulator":{"name":"functions"},"message":"The following emulators are not running, calls to these services from the Functions emulator will affect production: \u001b[1mauth, firestore, database, pubsub, storage\u001b[22m"}}
[info] +  functions: Using node@14 from host. {"metadata":{"emulator":{"name":"functions"},"message":"Using node@14 from host."}}
[debug] [2021-08-01T04:46:34.976Z] defaultcredentials: writing to file C:\Users\Aditya\AppData\Roaming\firebase\adityadond281_gmail_com_application_default_credentials.json
[debug] [2021-08-01T04:46:34.995Z] Setting GAC to C:\Users\Aditya\AppData\Roaming\firebase\adityadond281_gmail_com_application_default_credentials.json {"metadata":{"emulator":{"name":"functions"},"message":"Setting GAC to C:\\Users\\Aditya\\AppData\\Roaming\\firebase\\adityadond281_gmail_com_application_default_credentials.json"}}
[debug] [2021-08-01T04:46:34.997Z] > refreshing access token with scopes: []
[debug] [2021-08-01T04:46:34.998Z] >>> HTTP REQUEST POST https://www.googleapis.com/oauth2/v3/token  
 <request body omitted>
[debug] [2021-08-01T04:46:35.519Z] <<< HTTP RESPONSE 200 {"expires":"Mon, 01 Jan 1990 00:00:00 GMT","date":"Sun, 01 Aug 2021 04:46:36 GMT","cache-control":"no-cache, no-store, max-age=0, must-revalidate","pragma":"no-cache","content-type":"application/json; charset=utf-8","vary":"X-Origin, Referer, Origin,Accept-Encoding","server":"scaffolding on HTTPServer2","x-xss-protection":"0","x-frame-options":"SAMEORIGIN","x-content-type-options":"nosniff","alt-svc":"h3=\":443\"; ma=2592000,h3-29=\":443\"; ma=2592000,h3-T051=\":443\"; ma=2592000,h3-Q050=\":443\"; ma=2592000,h3-Q046=\":443\"; ma=2592000,h3-Q043=\":443\"; ma=2592000,quic=\":443\"; ma=2592000; v=\"46,43\"","accept-ranges":"none","transfer-encoding":"chunked"}
[debug] [2021-08-01T04:46:35.819Z] >>> [apiv2][query] GET https://firebase.googleapis.com/v1beta1/projects/challenge-d8ee8/adminSdkConfig [none]
[debug] [2021-08-01T04:46:36.911Z] <<< [apiv2][status] GET https://firebase.googleapis.com/v1beta1/projects/challenge-d8ee8/adminSdkConfig 200
[debug] [2021-08-01T04:46:36.911Z] <<< [apiv2][body] GET https://firebase.googleapis.com/v1beta1/projects/challenge-d8ee8/adminSdkConfig {"projectId":"challenge-d8ee8","storageBucket":"challenge-d8ee8.appspot.com","locationId":"asia-east2"}
[debug] [2021-08-01T04:46:37.104Z] >>> [apiv2][query] GET https://firebasehosting.googleapis.com/v1beta1/projects/challenge-d8ee8/sites 
[debug] [2021-08-01T04:46:39.239Z] <<< [apiv2][status] GET https://firebasehosting.googleapis.com/v1beta1/projects/challenge-d8ee8/sites 200
[debug] [2021-08-01T04:46:39.239Z] <<< [apiv2][body] GET https://firebasehosting.googleapis.com/v1beta1/projects/challenge-d8ee8/sites {"sites":[{"name":"projects/844286918154/sites/challenge-d8ee8","defaultUrl":"https://challenge-d8ee8.web.app","appId":"1:844286918154:web:e03d4400d004bcd057a9f3","type":"DEFAULT_SITE"}]}
[debug] [2021-08-01T04:46:39.240Z] >>> [apiv2][query] GET https://firebase.googleapis.com/v1beta1/projects/challenge-d8ee8/webApps/1:844286918154:web:e03d4400d004bcd057a9f3/config [none]
[debug] [2021-08-01T04:46:41.165Z] <<< [apiv2][status] GET https://firebase.googleapis.com/v1beta1/projects/challenge-d8ee8/webApps/1:844286918154:web:e03d4400d004bcd057a9f3/config 200
[debug] [2021-08-01T04:46:41.165Z] <<< [apiv2][body] GET https://firebase.googleapis.com/v1beta1/projects/challenge-d8ee8/webApps/1:844286918154:web:e03d4400d004bcd057a9f3/config {"projectId":"challenge-d8ee8","appId":"1:844286918154:web:e03d4400d004bcd057a9f3","storageBucket":"challenge-d8ee8.appspot.com","locationId":"asia-east2","apiKey":"AIzaSyDdQH1KB40gfvu_fe0DRpF8e9SO7EV30v4","authDomain":"challenge-d8ee8.firebaseapp.com","messagingSenderId":"844286918154","measurementId":"G-GGDEDNM7NB"}
[info] i  hosting: Serving hosting files from: build {"metadata":{"emulator":{"name":"hosting"},"message":"Serving hosting files from: \u001b[1mbuild\u001b[22m"}}
[info] +  hosting: Local server: http://localhost:5000 {"metadata":{"emulator":{"name":"hosting"},"message":"Local server: \u001b[4m\u001b[1mhttp://localhost:5000\u001b[22m\u001b[24m"}}
[debug] [2021-08-01T04:46:41.429Z] Ignoring unsupported arg: auto_download {"metadata":{"emulator":{"name":"ui"},"message":"Ignoring unsupported arg: auto_download"}}
[debug] [2021-08-01T04:46:41.429Z] Ignoring unsupported arg: port {"metadata":{"emulator":{"name":"ui"},"message":"Ignoring unsupported arg: port"}}
[debug] [2021-08-01T04:46:41.429Z] Starting Emulator UI with command {"binary":"node","args":["C:\\Users\\Aditya\\.cache\\firebase\\emulators\\ui-v1.6.0\\server.bundle.js"],"optionalArgs":[],"joinArgs":false} {"metadata":{"emulator":{"name":"ui"},"message":"Starting Emulator UI with command {\"binary\":\"node\",\"args\":[\"C:\\\\Users\\\\Aditya\\\\.cache\\\\firebase\\\\emulators\\\\ui-v1.6.0\\\\server.bundle.js\"],\"optionalArgs\":[],\"joinArgs\":false}"}}
[info] i  ui: Emulator UI logging to ui-debug.log {"metadata":{"emulator":{"name":"ui"},"message":"Emulator UI logging to \u001b[1mui-debug.log\u001b[22m"}}
[debug] [2021-08-01T04:46:41.668Z] Web / API server started at localhost:4000
 {"metadata":{"emulator":{"name":"ui"},"message":"Web / API server started at localhost:4000\n"}}
[info] i  functions: Watching "C:\Users\Aditya\Desktop\clever programmer\amazon-app\functions" for Cloud Functions... {"metadata":{"emulator":{"name":"functions"},"message":"Watching \"C:\\Users\\Aditya\\Desktop\\clever programmer\\amazon-app\\functions\" for Cloud Functions..."}}
[debug] [2021-08-01T04:46:41.711Z] [worker-pool] addWorker(~diagnostic~) {"metadata":{"emulator":{"name":"functions"},"message":"[worker-pool] addWorker(~diagnostic~)"}}
[debug] [2021-08-01T04:46:41.712Z] [worker-pool] Adding worker with key ~diagnostic~, total=1 {"metadata":{"emulator":{"name":"functions"},"message":"[worker-pool] Adding worker with key ~diagnostic~, total=1"}}
[debug] [2021-08-01T04:46:41.712Z] [worker-pool] submitWork(triggerId=) {"metadata":{"emulator":{"name":"functions"},"message":"[worker-pool] submitWork(triggerId=)"}}
[debug] [2021-08-01T04:46:41.712Z] [worker-~diagnostic~-e50fcf71-827d-439d-8978-b48232836a1d]: Assigning socketPath: \\?\pipe\C:\Users\Aditya\Desktop\clever programmer\amazon-app\functions\23568 {"metadata":{"emulator":{"name":"functions"},"message":"[worker-~diagnostic~-e50fcf71-827d-439d-8978-b48232836a1d]: Assigning socketPath: \\\\?\\pipe\\C:\\Users\\Aditya\\Desktop\\clever programmer\\amazon-app\\functions\\23568"}}
[debug] [2021-08-01T04:46:41.712Z] [worker-~diagnostic~-e50fcf71-827d-439d-8978-b48232836a1d]: BUSY {"metadata":{"emulator":{"name":"functions"},"message":"[worker-~diagnostic~-e50fcf71-827d-439d-8978-b48232836a1d]: BUSY"}}
[debug] [2021-08-01T04:46:42.184Z] [runtime-status] [23568] Functions runtime initialized. {"cwd":"C:\\Users\\Aditya\\Desktop\\clever programmer\\amazon-app\\functions","node_version":"14.16.1"} {"metadata":{"emulator":{"name":"functions"},"message":"[runtime-status] [23568] Functions runtime initialized. {\"cwd\":\"C:\\\\Users\\\\Aditya\\\\Desktop\\\\clever programmer\\\\amazon-app\\\\functions\",\"node_version\":\"14.16.1\"}"}}
[debug] [2021-08-01T04:46:42.185Z] [runtime-status] [23568] Disabled runtime features: undefined {"metadata":{"emulator":{"name":"functions"},"message":"[runtime-status] [23568] Disabled runtime features: undefined"}}
[debug] [2021-08-01T04:46:42.202Z] [runtime-status] [23568] Resolved module firebase-admin {"declared":true,"installed":true,"version":"9.11.0","resolution":"C:\\Users\\Aditya\\Desktop\\clever programmer\\amazon-app\\functions\\node_modules\\firebase-admin\\lib\\index.js"} {"metadata":{"emulator":{"name":"functions"},"message":"[runtime-status] [23568] Resolved module firebase-admin {\"declared\":true,\"installed\":true,\"version\":\"9.11.0\",\"resolution\":\"C:\\\\Users\\\\Aditya\\\\Desktop\\\\clever programmer\\\\amazon-app\\\\functions\\\\node_modules\\\\firebase-admin\\\\lib\\\\index.js\"}"}}
[debug] [2021-08-01T04:46:42.212Z] [runtime-status] [23568] Resolved module firebase-functions {"declared":true,"installed":true,"version":"3.14.1","resolution":"C:\\Users\\Aditya\\Desktop\\clever programmer\\amazon-app\\functions\\node_modules\\firebase-functions\\lib\\index.js"} {"metadata":{"emulator":{"name":"functions"},"message":"[runtime-status] [23568] Resolved module firebase-functions {\"declared\":true,\"installed\":true,\"version\":\"3.14.1\",\"resolution\":\"C:\\\\Users\\\\Aditya\\\\Desktop\\\\clever programmer\\\\amazon-app\\\\functions\\\\node_modules\\\\firebase-functions\\\\lib\\\\index.js\"}"}}
[debug] [2021-08-01T04:46:42.215Z] [runtime-status] [23568] Resolved module firebase-functions {"declared":true,"installed":true,"version":"3.14.1","resolution":"C:\\Users\\Aditya\\Desktop\\clever programmer\\amazon-app\\functions\\node_modules\\firebase-functions\\lib\\index.js"} {"metadata":{"emulator":{"name":"functions"},"message":"[runtime-status] [23568] Resolved module firebase-functions {\"declared\":true,\"installed\":true,\"version\":\"3.14.1\",\"resolution\":\"C:\\\\Users\\\\Aditya\\\\Desktop\\\\clever programmer\\\\amazon-app\\\\functions\\\\node_modules\\\\firebase-functions\\\\lib\\\\index.js\"}"}}
[debug] [2021-08-01T04:46:42.215Z] [runtime-status] [23568] Outgoing network have been stubbed. [{"name":"http","status":"mocked"},{"name":"http","status":"mocked"},{"name":"https","status":"mocked"},{"name":"https","status":"mocked"},{"name":"net","status":"mocked"}] {"metadata":{"emulator":{"name":"functions"},"message":"[runtime-status] [23568] Outgoing network have been stubbed. [{\"name\":\"http\",\"status\":\"mocked\"},{\"name\":\"http\",\"status\":\"mocked\"},{\"name\":\"https\",\"status\":\"mocked\"},{\"name\":\"https\",\"status\":\"mocked\"},{\"name\":\"net\",\"status\":\"mocked\"}]"}}
[debug] [2021-08-01T04:46:42.216Z] [runtime-status] [23568] Resolved module firebase-functions {"declared":true,"installed":true,"version":"3.14.1","resolution":"C:\\Users\\Aditya\\Desktop\\clever programmer\\amazon-app\\functions\\node_modules\\firebase-functions\\lib\\index.js"} {"metadata":{"emulator":{"name":"functions"},"message":"[runtime-status] [23568] Resolved module firebase-functions {\"declared\":true,\"installed\":true,\"version\":\"3.14.1\",\"resolution\":\"C:\\\\Users\\\\Aditya\\\\Desktop\\\\clever programmer\\\\amazon-app\\\\functions\\\\node_modules\\\\firebase-functions\\\\lib\\\\index.js\"}"}}
[debug] [2021-08-01T04:46:43.207Z] [runtime-status] [23568] Checked functions.config() {"config":{}} {"metadata":{"emulator":{"name":"functions"},"message":"[runtime-status] [23568] Checked functions.config() {\"config\":{}}"}}
[debug] [2021-08-01T04:46:43.207Z] [runtime-status] [23568] firebase-functions has been stubbed. {"functionsResolution":{"declared":true,"installed":true,"version":"3.14.1","resolution":"C:\\Users\\Aditya\\Desktop\\clever programmer\\amazon-app\\functions\\node_modules\\firebase-functions\\lib\\index.js"}} {"metadata":{"emulator":{"name":"functions"},"message":"[runtime-status] [23568] firebase-functions has been stubbed. {\"functionsResolution\":{\"declared\":true,\"installed\":true,\"version\":\"3.14.1\",\"resolution\":\"C:\\\\Users\\\\Aditya\\\\Desktop\\\\clever programmer\\\\amazon-app\\\\functions\\\\node_modules\\\\firebase-functions\\\\lib\\\\index.js\"}}"}}
[debug] [2021-08-01T04:46:43.209Z] [runtime-status] [23568] Resolved module firebase-functions {"declared":true,"installed":true,"version":"3.14.1","resolution":"C:\\Users\\Aditya\\Desktop\\clever programmer\\amazon-app\\functions\\node_modules\\firebase-functions\\lib\\index.js"} {"metadata":{"emulator":{"name":"functions"},"message":"[runtime-status] [23568] Resolved module firebase-functions {\"declared\":true,\"installed\":true,\"version\":\"3.14.1\",\"resolution\":\"C:\\\\Users\\\\Aditya\\\\Desktop\\\\clever programmer\\\\amazon-app\\\\functions\\\\node_modules\\\\firebase-functions\\\\lib\\\\index.js\"}"}}
[debug] [2021-08-01T04:46:43.210Z] [runtime-status] [23568] Resolved module firebase-admin {"declared":true,"installed":true,"version":"9.11.0","resolution":"C:\\Users\\Aditya\\Desktop\\clever programmer\\amazon-app\\functions\\node_modules\\firebase-admin\\lib\\index.js"} {"metadata":{"emulator":{"name":"functions"},"message":"[runtime-status] [23568] Resolved module firebase-admin {\"declared\":true,\"installed\":true,\"version\":\"9.11.0\",\"resolution\":\"C:\\\\Users\\\\Aditya\\\\Desktop\\\\clever programmer\\\\amazon-app\\\\functions\\\\node_modules\\\\firebase-admin\\\\lib\\\\index.js\"}"}}
[debug] [2021-08-01T04:46:43.211Z] [runtime-status] [23568] Resolved module firebase-functions {"declared":true,"installed":true,"version":"3.14.1","resolution":"C:\\Users\\Aditya\\Desktop\\clever programmer\\amazon-app\\functions\\node_modules\\firebase-functions\\lib\\index.js"} {"metadata":{"emulator":{"name":"functions"},"message":"[runtime-status] [23568] Resolved module firebase-functions {\"declared\":true,\"installed\":true,\"version\":\"3.14.1\",\"resolution\":\"C:\\\\Users\\\\Aditya\\\\Desktop\\\\clever programmer\\\\amazon-app\\\\functions\\\\node_modules\\\\firebase-functions\\\\lib\\\\index.js\"}"}}
[debug] [2021-08-01T04:46:43.211Z] [runtime-status] [23568] firebase-admin has been stubbed. {"adminResolution":{"declared":true,"installed":true,"version":"9.11.0","resolution":"C:\\Users\\Aditya\\Desktop\\clever programmer\\amazon-app\\functions\\node_modules\\firebase-admin\\lib\\index.js"}} {"metadata":{"emulator":{"name":"functions"},"message":"[runtime-status] [23568] firebase-admin has been stubbed. {\"adminResolution\":{\"declared\":true,\"installed\":true,\"version\":\"9.11.0\",\"resolution\":\"C:\\\\Users\\\\Aditya\\\\Desktop\\\\clever programmer\\\\amazon-app\\\\functions\\\\node_modules\\\\firebase-admin\\\\lib\\\\index.js\"}}"}}
[info] +  functions[us-central1-api]: http function initialized (http://localhost:5001/challenge-d8ee8/us-central1/api). {"metadata":{"emulator":{"name":"functions"},"message":"\u001b[1mhttp\u001b[22m function initialized (http://localhost:5001/challenge-d8ee8/us-central1/api)."}}
[info] 
┌─────────────────────────────────────────────────────────────┐
│ ✔  All emulators ready! It is now safe to connect your app. │
│ i  View Emulator UI at http://localhost:4000                │
└─────────────────────────────────────────────────────────────┘

┌───────────┬────────────────┬─────────────────────────────────┐
│ Emulator  │ Host:Port      │ View in Emulator UI             │
├───────────┼────────────────┼─────────────────────────────────┤
│ Functions │ localhost:5001 │ http://localhost:4000/functions │
├───────────┼────────────────┼─────────────────────────────────┤
│ Hosting   │ localhost:5000 │ n/a                             │
└───────────┴────────────────┴─────────────────────────────────┘
  Emulator Hub running at localhost:4400
  Other reserved ports: 4500

Issues? Report them at https://github.com/firebase/firebase-tools/issues and attach the *-debug.log files.
 
[debug] [2021-08-01T04:46:45.848Z] [worker-~diagnostic~-e50fcf71-827d-439d-8978-b48232836a1d]: IDLE {"metadata":{"emulator":{"name":"functions"},"message":"[worker-~diagnostic~-e50fcf71-827d-439d-8978-b48232836a1d]: IDLE"}}
